<?xml version="1.0" encoding="UTF-8"?>
<testng-results ignored="0" total="1" passed="1" failed="0" skipped="0">
  <reporter-output>
  </reporter-output>
  <suite started-at="2023-12-27T21:36:06 EET" name="Default suite" finished-at="2023-12-27T21:36:14 EET" duration-ms="7728">
    <groups>
    </groups>
    <test started-at="2023-12-27T21:36:06 EET" name="Default test" finished-at="2023-12-27T21:36:14 EET" duration-ms="7728">
      <class name="com.TN.qa.Testcase.RegisterTest">
        <test-method is-config="true" signature="setup()[pri:0, instance:com.TN.qa.Testcase.RegisterTest@5e600dd5]" started-at="2023-12-27T21:36:06 EET" name="setup" finished-at="2023-12-27T21:36:12 EET" duration-ms="5709" status="PASS">
          <reporter-output>
          </reporter-output>
        </test-method> <!-- setup -->
        <test-method signature="registerWithValidcredentials()[pri:0, instance:com.TN.qa.Testcase.RegisterTest@5e600dd5]" started-at="2023-12-27T21:36:12 EET" name="registerWithValidcredentials" finished-at="2023-12-27T21:36:14 EET" duration-ms="1989" status="PASS">
          <reporter-output>
          </reporter-output>
        </test-method> <!-- registerWithValidcredentials -->
      </class> <!-- com.TN.qa.Testcase.RegisterTest -->
    </test> <!-- Default test -->
  </suite> <!-- Default suite -->
</testng-results>
